<?xml version="1.0" encoding="UTF-8"?>
<testng-results ignored="0" total="1" passed="1" failed="0" skipped="0">
  <reporter-output>
  </reporter-output>
  <suite started-at="2021-01-14T11:41:30 PKT" name="Default suite" finished-at="2021-01-14T11:41:51 PKT" duration-ms="21206">
    <groups>
    </groups>
    <test started-at="2021-01-14T11:41:30 PKT" name="Default test" finished-at="2021-01-14T11:41:51 PKT" duration-ms="21206">
      <class name="tests.song.SongTests">
        <test-method is-config="true" signature="setUp()[pri:0, instance:tests.song.SongTests@16a0ee18]" started-at="2021-01-14T11:41:30 PKT" name="setUp" finished-at="2021-01-14T11:41:41 PKT" duration-ms="11587" status="PASS">
          <reporter-output>
          </reporter-output>
        </test-method> <!-- setUp -->
        <test-method signature="songVerification()[pri:0, instance:tests.song.SongTests@16a0ee18]" started-at="2021-01-14T11:41:41 PKT" name="songVerification" finished-at="2021-01-14T11:41:50 PKT" duration-ms="8277" status="PASS">
          <reporter-output>
          </reporter-output>
        </test-method> <!-- songVerification -->
        <test-method is-config="true" signature="tearDown()[pri:0, instance:tests.song.SongTests@16a0ee18]" started-at="2021-01-14T11:41:50 PKT" name="tearDown" finished-at="2021-01-14T11:41:51 PKT" duration-ms="1308" status="PASS">
          <reporter-output>
          </reporter-output>
        </test-method> <!-- tearDown -->
      </class> <!-- tests.song.SongTests -->
    </test> <!-- Default test -->
  </suite> <!-- Default suite -->
</testng-results>
